{"_e":"root:init","_t":1779857682691,"format":"v0-jsonl","version":"56.1.11"}
{"_e":"env:mode","_t":1779857683026,"nodeEnv":"development","babelEnv":"development","mode":"development"}
{"_e":"env:load","_t":1779857683035,"mode":"development","files":[],"env":{}}
{"_e":"devserver:start","_t":1779857683779,"mode":"development","web":true,"baseUrl":"","asyncRoutes":false,"routerRoot":"app","serverComponents":false,"serverActions":false,"serverRendering":false,"apiRoutes":false,"exporting":false}
{"_e":"metro:config","_t":1779857684795,"serverRoot":".","projectRoot":".","exporting":false,"flags":{"autolinkingModuleResolution":false,"serverActions":false,"serverComponents":false,"reactCompiler":false,"optimizeGraph":false,"treeshaking":false,"logbox":false}}
{"_e":"metro:instantiate","_t":1779857704542,"atlas":false,"workers":6,"host":"::","port":8081}
{"_e":"metro:bundling:started","_t":1779858542971,"id":"1","platform":"web","environment":null,"entry":"node_modules\\expo-router\\entry.js"}
{"_e":"metro:bundling:progress","_t":1779858542973,"id":"1","progress":0,"total":1,"current":0}
{"_e":"metro:bundling:progress","_t":1779858542991,"id":"1","progress":0,"total":1,"current":0}
{"_e":"metro:bundling:progress","_t":1779858543112,"id":"1","progress":0.04000000000000001,"total":3,"current":2}
{"_e":"metro:bundling:progress","_t":1779858543237,"id":"1","progress":0.16000000000000003,"total":10,"current":4}
{"_e":"metro:bundling:progress","_t":1779858543381,"id":"1","progress":0.2287334593572779,"total":23,"current":11}
{"_e":"metro:bundling:progress","_t":1779858543545,"id":"1","progress":0.2287334593572779,"total":40,"current":12}
{"_e":"metro:bundling:progress","_t":1779858543712,"id":"1","progress":0.2287334593572779,"total":51,"current":18}
{"_e":"metro:bundling:progress","_t":1779858543816,"id":"1","progress":0.2287334593572779,"total":55,"current":21}
{"_e":"metro:bundling:progress","_t":1779858544095,"id":"1","progress":0.2287334593572779,"total":65,"current":24}
{"_e":"metro:bundling:progress","_t":1779858544270,"id":"1","progress":0.2287334593572779,"total":124,"current":25}
{"_e":"metro:bundling:progress","_t":1779858544427,"id":"1","progress":0.2287334593572779,"total":130,"current":26}
{"_e":"metro:bundling:progress","_t":1779858544559,"id":"1","progress":0.2287334593572779,"total":156,"current":35}
{"_e":"metro:bundling:progress","_t":1779858544702,"id":"1","progress":0.2287334593572779,"total":156,"current":36}
{"_e":"metro:bundling:progress","_t":1779858544907,"id":"1","progress":0.2287334593572779,"total":165,"current":37}
{"_e":"metro:bundling:progress","_t":1779858545008,"id":"1","progress":0.2287334593572779,"total":171,"current":39}
{"_e":"metro:bundling:progress","_t":1779858545120,"id":"1","progress":0.2287334593572779,"total":174,"current":44}
{"_e":"metro:bundling:progress","_t":1779858545248,"id":"1","progress":0.2287334593572779,"total":204,"current":50}
{"_e":"metro:bundling:progress","_t":1779858545350,"id":"1","progress":0.2287334593572779,"total":204,"current":51}
{"_e":"metro:bundling:progress","_t":1779858545483,"id":"1","progress":0.2287334593572779,"total":219,"current":64}
{"_e":"metro:bundling:progress","_t":1779858545626,"id":"1","progress":0.2287334593572779,"total":225,"current":73}
{"_e":"metro:bundling:progress","_t":1779858545909,"id":"1","progress":0.2287334593572779,"total":226,"current":74}
{"_e":"metro:bundling:progress","_t":1779858546055,"id":"1","progress":0.2287334593572779,"total":237,"current":87}
{"_e":"metro:bundling:progress","_t":1779858546153,"id":"1","progress":0.2287334593572779,"total":244,"current":96}
{"_e":"metro:bundling:progress","_t":1779858546256,"id":"1","progress":0.2287334593572779,"total":252,"current":99}
{"_e":"metro:bundling:progress","_t":1779858546358,"id":"1","progress":0.2287334593572779,"total":262,"current":107}
{"_e":"metro:bundling:progress","_t":1779858546460,"id":"1","progress":0.2287334593572779,"total":269,"current":114}
{"_e":"metro:bundling:progress","_t":1779858546561,"id":"1","progress":0.2287334593572779,"total":276,"current":128}
{"_e":"metro:bundling:progress","_t":1779858546661,"id":"1","progress":0.2287334593572779,"total":308,"current":146}
{"_e":"metro:bundling:progress","_t":1779858546768,"id":"1","progress":0.2287334593572779,"total":308,"current":147}
{"_e":"metro:bundling:progress","_t":1779858546870,"id":"1","progress":0.2287334593572779,"total":364,"current":166}
{"_e":"metro:bundling:progress","_t":1779858546970,"id":"1","progress":0.2287334593572779,"total":369,"current":168}
{"_e":"metro:bundling:progress","_t":1779858547156,"id":"1","progress":0.2287334593572779,"total":369,"current":169}
{"_e":"metro:bundling:progress","_t":1779858547256,"id":"1","progress":0.25130038792376447,"total":385,"current":193}
{"_e":"metro:bundling:progress","_t":1779858547356,"id":"1","progress":0.27657789470858274,"total":386,"current":203}
{"_e":"metro:bundling:progress","_t":1779858547478,"id":"1","progress":0.27657789470858274,"total":396,"current":206}
{"_e":"metro:bundling:progress","_t":1779858547600,"id":"1","progress":0.2828779796232218,"total":408,"current":217}
{"_e":"metro:bundling:progress","_t":1779858547716,"id":"1","progress":0.28342218311681594,"total":417,"current":222}
{"_e":"metro:bundling:progress","_t":1779858547888,"id":"1","progress":0.2949165541081935,"total":418,"current":227}
{"_e":"metro:bundling:progress","_t":1779858547995,"id":"1","progress":0.2998866213151928,"total":420,"current":230}
{"_e":"metro:bundling:progress","_t":1779858548161,"id":"1","progress":0.3141211465657112,"total":430,"current":241}
{"_e":"metro:bundling:progress","_t":1779858548261,"id":"1","progress":0.33783493656038416,"total":437,"current":254}
{"_e":"metro:bundling:progress","_t":1779858548368,"id":"1","progress":0.37869822485207105,"total":442,"current":272}
{"_e":"metro:bundling:progress","_t":1779858548467,"id":"1","progress":0.3888869598861117,"total":449,"current":280}
{"_e":"metro:bundling:progress","_t":1779858548836,"id":"1","progress":0.38993086419753087,"total":450,"current":281}
{"_e":"metro:bundling:progress","_t":1779858548990,"id":"1","progress":0.39714817882776554,"total":457,"current":288}
{"_e":"metro:bundling:progress","_t":1779858549192,"id":"1","progress":0.39714817882776554,"total":468,"current":289}
{"_e":"metro:bundling:progress","_t":1779858549309,"id":"1","progress":0.39861031312841133,"total":472,"current":298}
{"_e":"metro:bundling:progress","_t":1779858549412,"id":"1","progress":0.4216912587593189,"total":482,"current":313}
{"_e":"metro:bundling:progress","_t":1779858549515,"id":"1","progress":0.42498856316976313,"total":497,"current":324}
{"_e":"metro:bundling:progress","_t":1779858549618,"id":"1","progress":0.45158400000000004,"total":500,"current":336}
{"_e":"metro:bundling:progress","_t":1779858549721,"id":"1","progress":0.462804549411976,"total":538,"current":366}
{"_e":"metro:bundling:progress","_t":1779858549836,"id":"1","progress":0.4678763422285485,"total":538,"current":368}
{"_e":"metro:bundling:progress","_t":1779858549931,"id":"1","progress":0.47042260333605124,"total":538,"current":369}
{"_e":"metro:bundling:progress","_t":1779858550031,"id":"1","progress":0.5120781079033752,"total":545,"current":390}
{"_e":"metro:bundling:progress","_t":1779858550135,"id":"1","progress":0.5638258687210479,"total":566,"current":425}
{"_e":"metro:bundling:progress","_t":1779858550248,"id":"1","progress":0.5638258687210479,"total":586,"current":440}
{"_e":"metro:bundling:progress","_t":1779858550362,"id":"1","progress":0.5682057961205634,"total":593,"current":447}
{"_e":"metro:bundling:progress","_t":1779858550568,"id":"1","progress":0.5707509476779402,"total":593,"current":448}
{"_e":"metro:bundling:progress","_t":1779858550668,"id":"1","progress":0.6177223968411987,"total":598,"current":470}
{"_e":"metro:bundling:progress","_t":1779858550769,"id":"1","progress":0.7144609234193704,"total":601,"current":508}
{"_e":"metro:bundling:progress","_t":1779858551385,"id":"1","progress":0.7144609234193704,"total":603,"current":509}
{"_e":"metro:bundling:progress","_t":1779858551566,"id":"1","progress":0.7153288284943443,"total":603,"current":510}
{"_e":"metro:bundling:progress","_t":1779858551665,"id":"1","progress":0.7573857922082825,"total":609,"current":530}
{"_e":"metro:bundling:progress","_t":1779858551768,"id":"1","progress":0.7610377882926498,"total":619,"current":540}
{"_e":"metro:bundling:progress","_t":1779858551919,"id":"1","progress":0.7765485186626095,"total":623,"current":549}
{"_e":"metro:bundling:progress","_t":1779858552020,"id":"1","progress":0.7860846921693844,"total":635,"current":563}
{"_e":"metro:bundling:progress","_t":1779858552120,"id":"1","progress":0.7999691369931716,"total":644,"current":576}
{"_e":"metro:bundling:progress","_t":1779858552222,"id":"1","progress":0.8236471423382187,"total":649,"current":589}
{"_e":"metro:bundling:progress","_t":1779858552354,"id":"1","progress":0.8421419541939322,"total":656,"current":602}
{"_e":"metro:bundling:progress","_t":1779858552463,"id":"1","progress":0.8568185115167368,"total":659,"current":610}
{"_e":"metro:bundling:progress","_t":1779858552555,"id":"1","progress":0.859630055194678,"total":659,"current":611}
{"_e":"metro:bundling:progress","_t":1779858552656,"id":"1","progress":0.8602422394830278,"total":662,"current":614}
{"_e":"metro:bundling:progress","_t":1779858552756,"id":"1","progress":0.8660506086643963,"total":663,"current":617}
{"_e":"metro:bundling:progress","_t":1779858552876,"id":"1","progress":0.8672091625499093,"total":669,"current":623}
{"_e":"metro:bundling:progress","_t":1779858553030,"id":"1","progress":0.8823767550155807,"total":676,"current":635}
{"_e":"metro:bundling:progress","_t":1779858553135,"id":"1","progress":0.8840385383641169,"total":686,"current":645}
{"_e":"metro:bundling:progress","_t":1779858553258,"id":"1","progress":0.8869417271049582,"total":687,"current":647}
{"_e":"metro:bundling:progress","_t":1779858553363,"id":"1","progress":0.8869417271049582,"total":701,"current":658}
{"_e":"metro:bundling:progress","_t":1779858553467,"id":"1","progress":0.8869417271049582,"total":707,"current":663}
{"_e":"metro:bundling:progress","_t":1779858553581,"id":"1","progress":0.8869417271049582,"total":714,"current":664}
{"_e":"metro:bundling:progress","_t":1779858553727,"id":"1","progress":0.8869417271049582,"total":730,"current":676}
{"_e":"metro:bundling:progress","_t":1779858553827,"id":"1","progress":0.8869417271049582,"total":750,"current":691}
{"_e":"metro:bundling:progress","_t":1779858553931,"id":"1","progress":0.8869417271049582,"total":752,"current":692}
{"_e":"metro:bundling:progress","_t":1779858554047,"id":"1","progress":0.8869417271049582,"total":757,"current":711}
{"_e":"metro:bundling:progress","_t":1779858554173,"id":"1","progress":0.9387121682387318,"total":771,"current":747}
{"_e":"metro:bundling:progress","_t":1779858554324,"id":"1","progress":0.9387121682387318,"total":801,"current":749}
{"_e":"metro:bundling:progress","_t":1779858554604,"id":"1","progress":0.9387121682387318,"total":801,"current":750}
{"_e":"metro:bundling:progress","_t":1779858554705,"id":"1","progress":0.9387121682387318,"total":808,"current":763}
{"_e":"metro:bundling:progress","_t":1779858554809,"id":"1","progress":0.9387121682387318,"total":813,"current":784}
{"_e":"metro:bundling:progress","_t":1779858554914,"id":"1","progress":0.9709458655562165,"total":820,"current":808}
{"_e":"metro:bundling:progress","_t":1779858555014,"id":"1","progress":0.9854723480022264,"total":823,"current":817}
{"_e":"metro:bundling:progress","_t":1779858555117,"id":"1","progress":0.9879446550738454,"total":827,"current":822}
{"_e":"metro:bundling:progress","_t":1779858555219,"id":"1","progress":0.9975859996732712,"total":828,"current":827}
{"_e":"metro:bundling:progress","_t":1779858558986,"id":"1","progress":0.9975859996732712,"total":828,"current":827}
{"_e":"metro:bundling:progress","_t":1779858559088,"id":"1","progress":0.999,"total":828,"current":828}
{"_e":"metro:bundling:progress","_t":1779858559188,"id":"1","progress":0.999,"total":877,"current":828}
{"_e":"metro:bundling:progress","_t":1779858559225,"id":"1","progress":0.999,"total":877,"current":829}
{"_e":"metro:bundling:progress","_t":1779858559323,"id":"1","progress":0.999,"total":893,"current":840}
{"_e":"metro:bundling:progress","_t":1779858559447,"id":"1","progress":0.999,"total":899,"current":847}
{"_e":"metro:bundling:progress","_t":1779858559555,"id":"1","progress":0.999,"total":900,"current":848}
{"_e":"metro:bundling:progress","_t":1779858559655,"id":"1","progress":0.999,"total":920,"current":853}
{"_e":"metro:bundling:progress","_t":1779858559821,"id":"1","progress":0.999,"total":920,"current":854}
{"_e":"metro:bundling:progress","_t":1779858559940,"id":"1","progress":0.999,"total":923,"current":859}
{"_e":"metro:bundling:progress","_t":1779858560071,"id":"1","progress":0.999,"total":926,"current":862}
{"_e":"metro:bundling:progress","_t":1779858560171,"id":"1","progress":0.999,"total":963,"current":878}
{"_e":"metro:bundling:progress","_t":1779858560282,"id":"1","progress":0.999,"total":965,"current":879}
{"_e":"metro:bundling:progress","_t":1779858560482,"id":"1","progress":0.999,"total":974,"current":886}
{"_e":"metro:bundling:progress","_t":1779858560651,"id":"1","progress":0.999,"total":980,"current":922}
{"_e":"metro:bundling:progress","_t":1779858560764,"id":"1","progress":0.999,"total":987,"current":945}
{"_e":"metro:bundling:progress","_t":1779858561206,"id":"1","progress":0.999,"total":987,"current":946}
{"_e":"metro:bundling:progress","_t":1779858561306,"id":"1","progress":0.999,"total":988,"current":946}
{"_e":"metro:bundling:progress","_t":1779858561636,"id":"1","progress":0.999,"total":988,"current":947}
{"_e":"metro:bundling:progress","_t":1779858561747,"id":"1","progress":0.999,"total":993,"current":949}
{"_e":"metro:bundling:progress","_t":1779858561901,"id":"1","progress":0.999,"total":998,"current":950}
{"_e":"metro:bundling:progress","_t":1779858562298,"id":"1","progress":0.999,"total":998,"current":951}
{"_e":"metro:bundling:progress","_t":1779858562531,"id":"1","progress":0.999,"total":998,"current":952}
{"_e":"metro:bundling:progress","_t":1779858562684,"id":"1","progress":0.999,"total":998,"current":953}
{"_e":"metro:bundling:progress","_t":1779858562829,"id":"1","progress":0.999,"total":998,"current":954}
{"_e":"metro:bundling:progress","_t":1779858562956,"id":"1","progress":0.999,"total":1002,"current":963}
{"_e":"metro:bundling:progress","_t":1779858563078,"id":"1","progress":0.999,"total":1004,"current":966}
{"_e":"metro:bundling:progress","_t":1779858563183,"id":"1","progress":0.999,"total":1004,"current":967}
{"_e":"metro:bundling:progress","_t":1779858563302,"id":"1","progress":0.999,"total":1005,"current":970}
{"_e":"metro:bundling:progress","_t":1779858563394,"id":"1","progress":0.999,"total":1011,"current":975}
{"_e":"metro:bundling:progress","_t":1779858563505,"id":"1","progress":0.999,"total":1018,"current":976}
{"_e":"metro:bundling:progress","_t":1779858563622,"id":"1","progress":0.999,"total":1022,"current":983}
{"_e":"metro:bundling:progress","_t":1779858563951,"id":"1","progress":0.999,"total":1023,"current":992}
{"_e":"metro:bundling:progress","_t":1779858564172,"id":"1","progress":0.999,"total":1023,"current":993}
{"_e":"metro:bundling:progress","_t":1779858564302,"id":"1","progress":0.999,"total":1023,"current":993}
{"_e":"metro:bundling:progress","_t":1779858564490,"id":"1","progress":0.999,"total":1023,"current":993}
{"_e":"metro:bundling:progress","_t":1779858564496,"id":"1","progress":0.999,"total":1023,"current":994}
{"_e":"metro:bundling:progress","_t":1779858564509,"id":"1","progress":0.999,"total":1023,"current":994}
{"_e":"metro:bundling:progress","_t":1779858564693,"id":"1","progress":0.999,"total":1024,"current":997}
{"_e":"metro:bundling:progress","_t":1779858564865,"id":"1","progress":0.999,"total":1024,"current":998}
{"_e":"metro:bundling:progress","_t":1779858565069,"id":"1","progress":0.999,"total":1027,"current":1007}
{"_e":"metro:bundling:progress","_t":1779858565212,"id":"1","progress":0.999,"total":1027,"current":1008}
{"_e":"metro:bundling:progress","_t":1779858565968,"id":"1","progress":0.999,"total":1027,"current":1014}
{"_e":"metro:bundling:progress","_t":1779858566218,"id":"1","progress":0.999,"total":1027,"current":1015}
{"_e":"metro:bundling:progress","_t":1779858566321,"id":"1","progress":0.999,"total":1027,"current":1019}
{"_e":"metro:bundling:progress","_t":1779858566628,"id":"1","progress":0.999,"total":1027,"current":1020}
{"_e":"metro:bundling:progress","_t":1779858566738,"id":"1","progress":0.999,"total":1031,"current":1021}
{"_e":"metro:bundling:progress","_t":1779858566869,"id":"1","progress":0.999,"total":1032,"current":1025}
{"_e":"metro:bundling:progress","_t":1779858566961,"id":"1","progress":0.999,"total":1032,"current":1026}
{"_e":"metro:bundling:progress","_t":1779858567062,"id":"1","progress":0.999,"total":1034,"current":1029}
{"_e":"metro:bundling:progress","_t":1779858567203,"id":"1","progress":0.999,"total":1034,"current":1030}
{"_e":"metro:bundling:progress","_t":1779858567220,"id":"1","progress":0.999,"total":1034,"current":1031}
{"_e":"metro:bundling:started","_t":1779858567258,"id":"3","platform":"web","environment":null,"entry":"node_modules\\expo-router\\entry.js"}
{"_e":"metro:bundling:progress","_t":1779858567259,"id":"1","progress":0.999,"total":1034,"current":1031}
{"_e":"metro:bundling:progress","_t":1779858567259,"id":"3","progress":0,"total":1,"current":0}
{"_e":"metro:bundling:progress","_t":1779858567319,"id":"1","progress":0.999,"total":1036,"current":1031}
{"_e":"metro:bundling:progress","_t":1779858567320,"id":"3","progress":0,"total":1,"current":0}
{"_e":"metro:bundling:progress","_t":1779858567447,"id":"1","progress":0.999,"total":1036,"current":1034}
{"_e":"metro:bundling:progress","_t":1779858567448,"id":"3","progress":0,"total":1,"current":0}
{"_e":"metro:bundling:progress","_t":1779858567548,"id":"1","progress":0.999,"total":1037,"current":1034}
{"_e":"metro:bundling:progress","_t":1779858567548,"id":"3","progress":0,"total":1,"current":0}
{"_e":"metro:bundling:progress","_t":1779858567554,"id":"1","progress":0.999,"total":1037,"current":1034}
{"_e":"metro:bundling:progress","_t":1779858567554,"id":"3","progress":0,"total":1,"current":0}
{"_e":"metro:bundling:progress","_t":1779858567578,"id":"1","progress":0.999,"total":1037,"current":1035}
{"_e":"metro:bundling:progress","_t":1779858567579,"id":"3","progress":0,"total":1,"current":0}
{"_e":"metro:bundling:progress","_t":1779858567702,"id":"1","progress":0.999,"total":1038,"current":1035}
{"_e":"metro:bundling:progress","_t":1779858567702,"id":"3","progress":0,"total":1,"current":0}
{"_e":"metro:bundling:progress","_t":1779858567757,"id":"1","progress":0.999,"total":1038,"current":1036}
{"_e":"metro:bundling:progress","_t":1779858567757,"id":"3","progress":0,"total":1,"current":0}
{"_e":"metro:bundling:progress","_t":1779858567857,"id":"1","progress":0.999,"total":1041,"current":1038}
{"_e":"metro:bundling:progress","_t":1779858567857,"id":"3","progress":0,"total":1,"current":0}
{"_e":"metro:bundling:progress","_t":1779858567963,"id":"1","progress":0.999,"total":1041,"current":1040}
{"_e":"metro:bundling:progress","_t":1779858567963,"id":"3","progress":0,"total":1,"current":0}
{"_e":"metro:bundling:progress","_t":1779858568002,"id":"1","progress":0.999,"total":1041,"current":1040}
{"_e":"metro:bundling:progress","_t":1779858568002,"id":"3","progress":0,"total":1,"current":0}
{"_e":"metro:bundling:progress","_t":1779858568151,"id":"1","progress":0.999,"total":1041,"current":1041}
{"_e":"metro:bundling:progress","_t":1779858568152,"id":"3","progress":0,"total":1,"current":0}
{"_e":"metro:bundling:progress","_t":1779858568452,"id":"1","progress":0.999,"total":1,"current":0}
{"_e":"metro:bundling:progress","_t":1779858568453,"id":"3","progress":0,"total":1,"current":0}
{"_e":"metro:bundling:done","_t":1779858569469,"id":"1","total":1,"ms":26497.3214}
{"_e":"metro:bundling:progress","_t":1779858569469,"id":"3","progress":0,"total":1,"current":0}
{"_e":"metro:bundling:progress","_t":1779858569760,"id":"3","progress":0,"total":1,"current":0}
{"_e":"metro:bundling:progress","_t":1779858570357,"id":"3","progress":0,"total":1,"current":0}
{"_e":"metro:bundling:progress","_t":1779858570479,"id":"3","progress":0,"total":1,"current":0}
{"_e":"metro:bundling:progress","_t":1779858570592,"id":"3","progress":0,"total":1,"current":0}
{"_e":"metro:bundling:progress","_t":1779858570701,"id":"3","progress":0,"total":1,"current":0}
{"_e":"metro:bundling:progress","_t":1779858570802,"id":"3","progress":0,"total":1,"current":0}
{"_e":"metro:bundling:progress","_t":1779858570924,"id":"3","progress":0,"total":1,"current":0}
{"_e":"metro:bundling:progress","_t":1779858571024,"id":"3","progress":0,"total":1,"current":0}
{"_e":"metro:bundling:progress","_t":1779858571127,"id":"3","progress":0,"total":1,"current":0}
{"_e":"metro:bundling:progress","_t":1779858571227,"id":"3","progress":0,"total":1,"current":0}
{"_e":"metro:bundling:progress","_t":1779858571327,"id":"3","progress":0,"total":1,"current":0}
{"_e":"metro:bundling:progress","_t":1779858571429,"id":"3","progress":0,"total":1,"current":0}
{"_e":"metro:bundling:progress","_t":1779858571536,"id":"3","progress":0,"total":1,"current":0}
{"_e":"metro:bundling:progress","_t":1779858571637,"id":"3","progress":0,"total":1,"current":0}
{"_e":"metro:bundling:progress","_t":1779858571737,"id":"3","progress":0,"total":1,"current":0}
{"_e":"metro:bundling:progress","_t":1779858571839,"id":"3","progress":0,"total":1,"current":0}
{"_e":"metro:bundling:progress","_t":1779858571939,"id":"3","progress":0,"total":1,"current":0}
{"_e":"metro:bundling:progress","_t":1779858572038,"id":"3","progress":0,"total":1,"current":0}
{"_e":"metro:bundling:progress","_t":1779858572140,"id":"3","progress":0,"total":1,"current":0}
{"_e":"metro:bundling:progress","_t":1779858572245,"id":"3","progress":0,"total":1,"current":0}
{"_e":"metro:bundling:progress","_t":1779858572419,"id":"3","progress":0,"total":1,"current":0}
{"_e":"metro:bundling:done","_t":1779858572575,"id":"3","total":1,"ms":5316.3638}
{"_e":"metro:client_log","_t":1779858573836,"level":"info","data":["%cDownload the React DevTools for a better development experience: https://react.dev/link/react-devtools","font-weight:bold"]}
{"_e":"metro:client_log","_t":1779858573839,"level":"log","data":["Running application \"main\" with appParams:\n","{\"hydrate\": undefined, \"rootTag\": \"#root\"}","\nDevelopment-level warnings: ON.\nPerformance optimizations: OFF."]}
{"_e":"metro:client_log","_t":1779858574113,"level":"warn","data":["\"shadow*\" style props are deprecated. Use \"boxShadow\"."]}
{"_e":"metro:client_log","_t":1779858579923,"level":"warn","data":["Cannot record touch end without a touch start.\n","Touch End: {\"identifier\":0,\"pageX\":654,\"pageY\":52,\"timestamp\":14047.59999999404}\n","Touch Bank: []"]}
{"_e":"metro:bundling:started","_t":1779858663530,"id":"7","platform":"web","environment":null,"entry":"node_modules\\expo-router\\entry.js"}
{"_e":"metro:bundling:progress","_t":1779858663530,"id":"7","progress":0,"total":1,"current":0}
{"_e":"metro:bundling:done","_t":1779858663589,"id":"7","total":1,"ms":58.2508}
{"_e":"metro:client_log","_t":1779858664119,"level":"info","data":["%cDownload the React DevTools for a better development experience: https://react.dev/link/react-devtools","font-weight:bold"]}
{"_e":"metro:client_log","_t":1779858664120,"level":"log","data":["Running application \"main\" with appParams:\n","{\"hydrate\": undefined, \"rootTag\": \"#root\"}","\nDevelopment-level warnings: ON.\nPerformance optimizations: OFF."]}
{"_e":"metro:client_log","_t":1779858664120,"level":"log","data":["result => ","[]"]}
{"_e":"metro:client_log","_t":1779858664180,"level":"warn","data":["\"shadow*\" style props are deprecated. Use \"boxShadow\"."]}
{"_e":"metro:client_log","_t":1779858665128,"level":"log","data":["result => ","[]"]}
{"_e":"metro:client_log","_t":1779858665408,"level":"log","data":["[---- itrace says ----], clear wid cookie"]}
{"_e":"metro:client_log","_t":1779858666133,"level":"log","data":["result => ","[]"]}
{"_e":"metro:client_log","_t":1779858666156,"level":"log","data":["[info] Language: jp, Count: 0, Ratio: 0.0000, threshold: 0.25"]}
{"_e":"metro:client_log","_t":1779858666157,"level":"log","data":["[info] Language: kr, Count: 0, Ratio: 0.0000, threshold: 0.3"]}
{"_e":"metro:client_log","_t":1779858666157,"level":"log","data":["[info] Language: zh, Count: 4, Ratio: 1.0000, threshold: 0.01"]}
{"_e":"metro:client_log","_t":1779858666158,"level":"log","data":["Meta attr value:","quark-default"]}
{"_e":"metro:client_log","_t":1779858666158,"level":"log","data":["Meta attr value:","compass"]}
{"_e":"metro:client_log","_t":1779858666158,"level":"log","data":["Meta attr value:","IE=edge"]}
{"_e":"metro:client_log","_t":1779858666158,"level":"log","data":["Meta attr value:","width=device-width, initial-scale=1, shrink-to-fit=no"]}
{"_e":"metro:client_log","_t":1779858666158,"level":"log","data":["titleLang","zh"]}
{"_e":"metro:client_log","_t":1779858666158,"level":"log","data":["descriptionLang","undefined"]}
{"_e":"metro:client_log","_t":1779858666166,"level":"log","data":["keywordsLang","undefined"]}
{"_e":"metro:client_log","_t":1779858666166,"level":"log","data":["htmlLang","undefined"]}
{"_e":"metro:client_log","_t":1779858666166,"level":"log","data":["metaLang","undefined"]}
{"_e":"metro:client_log","_t":1779858666166,"level":"log","data":["[info] language detection script finished","{\"detect_cost\": \"2408\", \"detect_result\": \"und\", \"is_banner_triggered\": \"0\", \"trigger_method\": \"delayed\", \"version\": \"1759199686661\", \"website_url\": \"http://192.168.31.16:8081/\", \"webview_id\": \"79296142\"}"]}
{"_e":"metro:client_log","_t":1779858667142,"level":"log","data":["result => ","[]"]}
